# JRE version: Java(TM) SE Runtime Environment (8.0_191-b12) (build 1.8.0_191-b12)
# Java VM: Java HotSpot(TM) Client VM (25.191-b12 mixed mode windows-x86 )
Heap:
 def new generation   total 157248K, used 141755K [0x04c00000, 0x0f6a0000, 0x0f6a0000)
  eden space 139776K,  95% used [0x04c00000, 0x0ced4030, 0x0d480000)
  from space 17472K,  44% used [0x0d480000, 0x0dc1ad08, 0x0e590000)
  to   space 17472K,   0% used [0x0e590000, 0x0e590000, 0x0f6a0000)
 tenured generation   total 349568K, used 216692K [0x0f6a0000, 0x24c00000, 0x24c00000)
   the space 349568K,  61% used [0x0f6a0000, 0x1ca3d3a8, 0x1ca3d400, 0x24c00000)
 Metaspace       used 25807K, capacity 26345K, committed 26496K, reserved 27008K
GC Heap History (10 events):
Event: 14895.334 GC heap before
{Heap before GC invocations=230 (full 8):
 def new generation   total 157248K, used 147943K [0x04c00000, 0x0f6a0000, 0x0f6a0000)
  eden space 139776K, 100% used [0x04c00000, 0x0d480000, 0x0d480000)
  from space 17472K,  46% used [0x0e590000, 0x0ed89d10, 0x0f6a0000)
  to   space 17472K,   0% used [0x0d480000, 0x0d480000, 0x0e590000)
 tenured generation   total 349568K, used 209264K [0x0f6a0000, 0x24c00000, 0x24c00000)
   the space 349568K,  59% used [0x0f6a0000, 0x1c2fc2f0, 0x1c2fc400, 0x24c00000)
 Metaspace       used 25795K, capacity 26340K, committed 26496K, reserved 27008K
Event: 14895.348 GC heap after
Heap after GC invocations=231 (full 8):
 def new generation   total 157248K, used 8371K [0x04c00000, 0x0f6a0000, 0x0f6a0000)
  eden space 139776K,   0% used [0x04c00000, 0x04c00000, 0x0d480000)
  from space 17472K,  47% used [0x0d480000, 0x0dcacd00, 0x0e590000)
  to   space 17472K,   0% used [0x0e590000, 0x0e590000, 0x0f6a0000)
 tenured generation   total 349568K, used 209264K [0x0f6a0000, 0x24c00000, 0x24c00000)
   the space 349568K,  59% used [0x0f6a0000, 0x1c2fc2f0, 0x1c2fc400, 0x24c00000)
 Metaspace       used 25795K, capacity 26340K, committed 26496K, reserved 27008K
}
Event: 15743.799 GC heap before
{Heap before GC invocations=231 (full 8):
 def new generation   total 157248K, used 148147K [0x04c00000, 0x0f6a0000, 0x0f6a0000)
  eden space 139776K, 100% used [0x04c00000, 0x0d480000, 0x0d480000)
  from space 17472K,  47% used [0x0d480000, 0x0dcacd00, 0x0e590000)
  to   space 17472K,   0% used [0x0e590000, 0x0e590000, 0x0f6a0000)
 tenured generation   total 349568K, used 209264K [0x0f6a0000, 0x24c00000, 0x24c00000)
   the space 349568K,  59% used [0x0f6a0000, 0x1c2fc2f0, 0x1c2fc400, 0x24c00000)
 Metaspace       used 25795K, capacity 26340K, committed 26496K, reserved 27008K
Event: 15743.815 GC heap after
Heap after GC invocations=232 (full 8):
 def new generation   total 157248K, used 9189K [0x04c00000, 0x0f6a0000, 0x0f6a0000)
  eden space 139776K,   0% used [0x04c00000, 0x04c00000, 0x0d480000)
  from space 17472K,  52% used [0x0e590000, 0x0ee894f8, 0x0f6a0000)
  to   space 17472K,   0% used [0x0d480000, 0x0d480000, 0x0e590000)
 tenured generation   total 349568K, used 209264K [0x0f6a0000, 0x24c00000, 0x24c00000)
   the space 349568K,  59% used [0x0f6a0000, 0x1c2fc2f0, 0x1c2fc400, 0x24c00000)
 Metaspace       used 25795K, capacity 26340K, committed 26496K, reserved 27008K
}
Event: 16561.409 GC heap before
{Heap before GC invocations=232 (full 8):
 def new generation   total 157248K, used 148965K [0x04c00000, 0x0f6a0000, 0x0f6a0000)
  eden space 139776K, 100% used [0x04c00000, 0x0d480000, 0x0d480000)
  from space 17472K,  52% used [0x0e590000, 0x0ee894f8, 0x0f6a0000)
  to   space 17472K,   0% used [0x0d480000, 0x0d480000, 0x0e590000)
 tenured generation   total 349568K, used 209264K [0x0f6a0000, 0x24c00000, 0x24c00000)
   the space 349568K,  59% used [0x0f6a0000, 0x1c2fc2f0, 0x1c2fc400, 0x24c00000)
 Metaspace       used 25797K, capacity 26342K, committed 26496K, reserved 27008K
Event: 16561.422 GC heap after
Heap after GC invocations=233 (full 8):
 def new generation   total 157248K, used 5288K [0x04c00000, 0x0f6a0000, 0x0f6a0000)
  eden space 139776K,   0% used [0x04c00000, 0x04c00000, 0x0d480000)
  from space 17472K,  30% used [0x0d480000, 0x0d9aa3a8, 0x0e590000)
  to   space 17472K,   0% used [0x0e590000, 0x0e590000, 0x0f6a0000)
 tenured generation   total 349568K, used 212586K [0x0f6a0000, 0x24c00000, 0x24c00000)
   the space 349568K,  60% used [0x0f6a0000, 0x1c63aba0, 0x1c63ac00, 0x24c00000)
 Metaspace       used 25797K, capacity 26342K, committed 26496K, reserved 27008K
}
Event: 16843.407 GC heap before
{Heap before GC invocations=233 (full 8):
 def new generation   total 157248K, used 145064K [0x04c00000, 0x0f6a0000, 0x0f6a0000)
  eden space 139776K, 100% used [0x04c00000, 0x0d480000, 0x0d480000)
  from space 17472K,  30% used [0x0d480000, 0x0d9aa3a8, 0x0e590000)
  to   space 17472K,   0% used [0x0e590000, 0x0e590000, 0x0f6a0000)
 tenured generation   total 349568K, used 212586K [0x0f6a0000, 0x24c00000, 0x24c00000)
   the space 349568K,  60% used [0x0f6a0000, 0x1c63aba0, 0x1c63ac00, 0x24c00000)
 Metaspace       used 25797K, capacity 26342K, committed 26496K, reserved 27008K
Event: 16843.415 GC heap after
Heap after GC invocations=234 (full 8):
 def new generation   total 157248K, used 9593K [0x04c00000, 0x0f6a0000, 0x0f6a0000)
  eden space 139776K,   0% used [0x04c00000, 0x04c00000, 0x0d480000)
  from space 17472K,  54% used [0x0e590000, 0x0eeee538, 0x0f6a0000)
  to   space 17472K,   0% used [0x0d480000, 0x0d480000, 0x0e590000)
 tenured generation   total 349568K, used 212586K [0x0f6a0000, 0x24c00000, 0x24c00000)
   the space 349568K,  60% used [0x0f6a0000, 0x1c63aba0, 0x1c63ac00, 0x24c00000)
 Metaspace       used 25797K, capacity 26342K, committed 26496K, reserved 27008K
}
Event: 17288.206 GC heap before
{Heap before GC invocations=234 (full 8):
 def new generation   total 157248K, used 149369K [0x04c00000, 0x0f6a0000, 0x0f6a0000)
  eden space 139776K, 100% used [0x04c00000, 0x0d480000, 0x0d480000)
  from space 17472K,  54% used [0x0e590000, 0x0eeee538, 0x0f6a0000)
  to   space 17472K,   0% used [0x0d480000, 0x0d480000, 0x0e590000)
 tenured generation   total 349568K, used 212586K [0x0f6a0000, 0x24c00000, 0x24c00000)
   the space 349568K,  60% used [0x0f6a0000, 0x1c63aba0, 0x1c63ac00, 0x24c00000)
 Metaspace       used 25799K, capacity 26345K, committed 26496K, reserved 27008K
Event: 17288.216 GC heap after
Heap after GC invocations=235 (full 8):
 def new generation   total 157248K, used 7787K [0x04c00000, 0x0f6a0000, 0x0f6a0000)
  eden space 139776K,   0% used [0x04c00000, 0x04c00000, 0x0d480000)
  from space 17472K,  44% used [0x0d480000, 0x0dc1ad08, 0x0e590000)
  to   space 17472K,   0% used [0x0e590000, 0x0e590000, 0x0f6a0000)
 tenured generation   total 349568K, used 216692K [0x0f6a0000, 0x24c00000, 0x24c00000)
   the space 349568K,  61% used [0x0f6a0000, 0x1ca3d3a8, 0x1ca3d400, 0x24c00000)
 Metaspace       used 25799K, capacity 26345K, committed 26496K, reserved 27008K
}

